51657 xx
       0.00000000   -6908.64850581    -248.35465320      -0.00303357 -0.025184838  0.997196302  7.525063589
       5.00000000   -6543.71689671      58.79455690    2216.69090206  2.436381105  1.031873734  7.118242580    6906.718514 0.002003   97.55170  182.05904  119.43728  259.44577  259.67152 
      10.00000000   -5473.05924779     359.60016264    4193.63873436  4.636581110  0.955265181  5.941241203    6901.633656 0.002272   97.55451  182.06063  137.95487  259.83065  260.08701 
      15.00000000   -3811.96075398     621.61148574    5716.92408222  6.336756732  0.775595480  4.121432785    6895.551947 0.002195   97.55786  182.06434  161.26123  255.44662  255.69015 
      20.00000000   -1739.61107480     816.55963034    6621.73743452  7.353366299  0.512229251  1.855572998    6891.033278 0.001748   97.56035  182.07007  184.75148  250.89764  251.08699 
      25.00000000     520.44819423     923.38543319    6809.98092542  7.576691431  0.193415531 -0.612440182    6889.989602 0.000975   97.56092  182.07686  201.86028  252.74673  252.85350 
      30.00000000    2724.24082811     930.46989478    6260.62199708  6.981303998 -0.146702433 -3.017144708    6892.873887 0.000333   97.55932  182.08330  137.02571  336.55210  336.56730 
      35.00000000    4633.26289741     836.89684003    5032.15122974  5.628989479 -0.471517126 -5.098369642    6898.477053 0.001189   97.55624  182.08812  103.53520   29.02101   28.95498 
      40.00000000    6040.14805649     652.63564769    3256.90582462  3.664096032 -0.745714207 -6.628486769    6904.427333 0.001947   97.55297  182.09074  117.79418   33.74136   33.61758 
      45.00000000    6791.65607425     397.56554577    1127.33724419  1.300080837 -0.939192642 -7.438451858    6908.196635 0.002214   97.55090  182.09150  132.97654   37.53170   37.37731 
      50.00000000    6806.18662424      99.35157125   -1124.92279575 -1.203508445 -1.030696064 -7.438993762    6908.188059 0.001923   97.55090  182.09155  141.73006   47.73677   47.57383 
      55.00000000    6083.14981814    -209.63980473   -3255.02960932 -3.571673379 -1.010459077 -6.632209957    6904.421259 0.001418   97.55296  182.09232  129.91801   78.48712   78.32799 
      60.00000000    4702.61373030    -495.99101914   -5032.49474357 -5.547070307 -0.881262987 -5.110406452    6898.507595 0.001672   97.55622  182.09493   99.63374  127.68573  127.53397 
      65.00000000    2815.45229580    -728.93460578   -6266.50954288 -6.919255293 -0.657743934 -3.042743056    6892.941198 0.002584   97.55930  182.09972   95.30328  150.90610  150.76190 
      70.00000000     625.90051674    -883.62480685   -6825.90400171 -7.545624635 -0.364315476 -0.653656988    6890.040079 0.003292   97.56091  182.10613  105.68679  159.39103  159.25795 
      75.00000000   -1630.76478798    -943.65456560   -6652.02396328 -7.363095175 -0.032311982  1.802073072    6890.994958 0.003434   97.56038  182.11292  120.18454  163.74604  163.63564 
      80.00000000   -3712.84460369    -902.66179275   -5764.05173153 -6.392073306  0.303176484  4.064475678    6895.399217 0.002977   97.55794  182.11868  134.29484  168.48040  168.41212 
      85.00000000   -5397.09063634    -764.96295694   -4256.86665241 -4.734297125  0.606617287  5.892953902    6901.424511 0.002150   97.55461  182.12245  142.56898  179.05090  179.04681 
      90.00000000   -6502.02003844    -545.16884095   -2291.60991159 -2.564452385  0.845502202  7.090266554    6906.566263 0.001462   97.55178  182.12410  133.41799  207.05389  207.13018 
      95.00000000   -6907.60879405    -266.74935887     -79.28508702 -0.114223064  0.993840842  7.524568324    6908.672861 0.001533   97.55062  182.12437  114.79425  244.54288  244.70157 
     100.00000000   -6568.97534043      40.40243087    2141.54867666  2.351705093  1.035248223  7.146092052    6906.848053 0.001992   97.55163  182.12459  118.86487  259.35477  259.57918 
